<?xml version="1.0" encoding="UTF-8"?>
<!-- Generated by org.testng.reporters.JUnitReportReporter -->
<testsuite hostname="DESKTOP-N9112CN" failures="0" tests="6" name="runner.TestRunner" time="39.373" errors="0" timestamp="2026-07-05T20:14:45 IST" skipped="0">
  <testcase classname="runner.TestRunner" name="runScenario" time="4.671"/>
  <testcase classname="runner.TestRunner" name="runScenario" time="10.862"/>
  <testcase classname="runner.TestRunner" name="runScenario" time="5.366"/>
  <testcase classname="runner.TestRunner" name="runScenario" time="5.260"/>
  <testcase classname="runner.TestRunner" name="runScenario" time="8.059"/>
  <testcase classname="runner.TestRunner" name="runScenario" time="5.155"/>
</testsuite> <!-- runner.TestRunner -->
